<?xml version="1.0" encoding="UTF-8"?>
<!-- Generated by org.testng.reporters.JUnitXMLReporter -->
<testsuite ignored="0" hostname="LTIN369057" failures="0" tests="7" name="Default test" time="82.922" errors="0" timestamp="2024-10-30T14:15:53 IST">
  <testcase classname="TestCases.TestCase2" name="sendingSearchData" time="2.807"/>
  <testcase classname="TestCases.TestCase2" name="filterForPriceMethod" time="32.953"/>
  <testcase classname="TestCases.TestCase2" name="filterforPriceRangeClick" time="0.112"/>
  <testcase classname="TestCases.TestCase2" name="priceRangeValue" time="3.31"/>
  <testcase classname="TestCases.TestCase2" name="clickApplyButton" time="0.267"/>
  <testcase classname="TestCases.TestCase2" name="clickDropDown" time="1.454"/>
  <testcase classname="TestCases.TestCase2" name="sortByCustomersValue" time="0.264"/>
</testsuite> <!-- Default test -->
