<?xml version="1.0" encoding="UTF-8"?>
<!-- Generated by org.testng.reporters.JUnitXMLReporter -->
<testsuite ignored="0" hostname="LTIN369057" failures="0" tests="24" name="Test" time="83.569" errors="0" timestamp="2024-11-06T12:05:40 IST">
  <testcase classname="TestCases.TestCase1" name="sendingSearchData" time="0.749"/>
  <testcase classname="TestCases.TestCase3" name="clickGiftCardMenu" time="3.321"/>
  <testcase classname="TestCases.TestCase3" name="clickHappyBirthdayCard" time="0.285"/>
  <testcase classname="TestCases.TestCase3" name="EnterNameValue" time="0.311"/>
  <testcase classname="TestCases.TestCase2" name="sendingSearchData" time="2.691"/>
  <testcase classname="TestCases.TestCase3" name="EnterNumberValue" time="0.329"/>
  <testcase classname="TestCases.TestCase3" name="EnterEmailValue" time="0.357"/>
  <testcase classname="TestCases.TestCase3" name="EnterMessageValue" time="0.135"/>
  <testcase classname="TestCases.TestCase3" name="EnterFromNameValue" time="0.156"/>
  <testcase classname="TestCases.TestCase3" name="EnterFromNumberValue" time="0.222"/>
  <testcase classname="TestCases.TestCase3" name="EnterFromEmailValue" time="0.275"/>
  <testcase classname="TestCases.TestCase1" name="clickingMoreFilter" time="4.41"/>
  <testcase classname="TestCases.TestCase1" name="clickingPriceFilter" time="0.145"/>
  <testcase classname="TestCases.TestCase3" name="addDenominationValue" time="0.366"/>
  <testcase classname="TestCases.TestCase1" name="sendingPriceRangeFilter" time="2.322"/>
  <testcase classname="TestCases.TestCase1" name="clickingApplyBtn" time="0.179"/>
  <testcase classname="TestCases.TestCase1" name="sortingDropDownClick" time="0.951"/>
  <testcase classname="TestCases.TestCase1" name="customerRatingClick" time="3.251"/>
  <testcase classname="TestCases.TestCase2" name="filterForPriceMethod" time="33.419"/>
  <testcase classname="TestCases.TestCase2" name="filterforPriceRangeClick" time="0.121"/>
  <testcase classname="TestCases.TestCase2" name="priceRangeValue" time="3.355"/>
  <testcase classname="TestCases.TestCase2" name="clickApplyButton" time="0.203"/>
  <testcase classname="TestCases.TestCase2" name="clickDropDown" time="1.197"/>
  <testcase classname="TestCases.TestCase2" name="sortByCustomersValue" time="0.271"/>
</testsuite> <!-- Test -->
