<?xml version="1.0" encoding="UTF-8"?>
<testng-results ignored="0" total="24" passed="24" failed="0" skipped="0">
  <reporter-output>
  </reporter-output>
  <suite started-at="2024-11-06T12:04:16 IST" name="Suite" finished-at="2024-11-06T12:05:40 IST" duration-ms="83569">
    <groups>
      <group name="Master">
        <method signature="TestCase1.sendingSearchData()[pri:1, instance:TestCases.TestCase1@56bca85b]" name="sendingSearchData" class="TestCases.TestCase1"/>
        <method signature="TestCase2.sendingSearchData()[pri:1, instance:TestCases.TestCase2@1fcb4808]" name="sendingSearchData" class="TestCases.TestCase2"/>
        <method signature="TestCase3.clickGiftCardMenu()[pri:1, instance:TestCases.TestCase3@726e5805]" name="clickGiftCardMenu" class="TestCases.TestCase3"/>
        <method signature="TestCase1.clickingMoreFilter()[pri:2, instance:TestCases.TestCase1@56bca85b]" name="clickingMoreFilter" class="TestCases.TestCase1"/>
        <method signature="TestCase2.filterForPriceMethod()[pri:2, instance:TestCases.TestCase2@1fcb4808]" name="filterForPriceMethod" class="TestCases.TestCase2"/>
        <method signature="TestCase3.clickHappyBirthdayCard()[pri:2, instance:TestCases.TestCase3@726e5805]" name="clickHappyBirthdayCard" class="TestCases.TestCase3"/>
        <method signature="TestCase1.clickingPriceFilter()[pri:3, instance:TestCases.TestCase1@56bca85b]" name="clickingPriceFilter" class="TestCases.TestCase1"/>
        <method signature="TestCase2.filterforPriceRangeClick()[pri:3, instance:TestCases.TestCase2@1fcb4808]" name="filterforPriceRangeClick" class="TestCases.TestCase2"/>
        <method signature="TestCase3.EnterNameValue()[pri:3, instance:TestCases.TestCase3@726e5805]" name="EnterNameValue" class="TestCases.TestCase3"/>
        <method signature="TestCase1.sendingPriceRangeFilter()[pri:4, instance:TestCases.TestCase1@56bca85b]" name="sendingPriceRangeFilter" class="TestCases.TestCase1"/>
        <method signature="TestCase2.priceRangeValue()[pri:4, instance:TestCases.TestCase2@1fcb4808]" name="priceRangeValue" class="TestCases.TestCase2"/>
        <method signature="TestCase3.EnterNumberValue()[pri:4, instance:TestCases.TestCase3@726e5805]" name="EnterNumberValue" class="TestCases.TestCase3"/>
        <method signature="TestCase1.clickingApplyBtn()[pri:5, instance:TestCases.TestCase1@56bca85b]" name="clickingApplyBtn" class="TestCases.TestCase1"/>
        <method signature="TestCase2.clickApplyButton()[pri:5, instance:TestCases.TestCase2@1fcb4808]" name="clickApplyButton" class="TestCases.TestCase2"/>
        <method signature="TestCase3.EnterEmailValue()[pri:5, instance:TestCases.TestCase3@726e5805]" name="EnterEmailValue" class="TestCases.TestCase3"/>
        <method signature="TestCase1.sortingDropDownClick()[pri:6, instance:TestCases.TestCase1@56bca85b]" name="sortingDropDownClick" class="TestCases.TestCase1"/>
        <method signature="TestCase2.clickDropDown()[pri:6, instance:TestCases.TestCase2@1fcb4808]" name="clickDropDown" class="TestCases.TestCase2"/>
        <method signature="TestCase3.EnterMessageValue()[pri:6, instance:TestCases.TestCase3@726e5805]" name="EnterMessageValue" class="TestCases.TestCase3"/>
        <method signature="TestCase1.customerRatingClick()[pri:7, instance:TestCases.TestCase1@56bca85b]" name="customerRatingClick" class="TestCases.TestCase1"/>
        <method signature="TestCase2.sortByCustomersValue()[pri:7, instance:TestCases.TestCase2@1fcb4808]" name="sortByCustomersValue" class="TestCases.TestCase2"/>
        <method signature="TestCase3.EnterFromNameValue()[pri:7, instance:TestCases.TestCase3@726e5805]" name="EnterFromNameValue" class="TestCases.TestCase3"/>
        <method signature="TestCase3.EnterFromNumberValue()[pri:8, instance:TestCases.TestCase3@726e5805]" name="EnterFromNumberValue" class="TestCases.TestCase3"/>
        <method signature="TestCase3.EnterFromEmailValue()[pri:9, instance:TestCases.TestCase3@726e5805]" name="EnterFromEmailValue" class="TestCases.TestCase3"/>
        <method signature="TestCase3.addDenominationValue()[pri:10, instance:TestCases.TestCase3@726e5805]" name="addDenominationValue" class="TestCases.TestCase3"/>
      </group> <!-- Master -->
      <group name="regression">
        <method signature="TestCase1.sendingSearchData()[pri:1, instance:TestCases.TestCase1@56bca85b]" name="sendingSearchData" class="TestCases.TestCase1"/>
        <method signature="TestCase2.sendingSearchData()[pri:1, instance:TestCases.TestCase2@1fcb4808]" name="sendingSearchData" class="TestCases.TestCase2"/>
        <method signature="TestCase3.clickGiftCardMenu()[pri:1, instance:TestCases.TestCase3@726e5805]" name="clickGiftCardMenu" class="TestCases.TestCase3"/>
        <method signature="TestCase1.clickingMoreFilter()[pri:2, instance:TestCases.TestCase1@56bca85b]" name="clickingMoreFilter" class="TestCases.TestCase1"/>
        <method signature="TestCase2.filterForPriceMethod()[pri:2, instance:TestCases.TestCase2@1fcb4808]" name="filterForPriceMethod" class="TestCases.TestCase2"/>
        <method signature="TestCase3.clickHappyBirthdayCard()[pri:2, instance:TestCases.TestCase3@726e5805]" name="clickHappyBirthdayCard" class="TestCases.TestCase3"/>
        <method signature="TestCase1.clickingPriceFilter()[pri:3, instance:TestCases.TestCase1@56bca85b]" name="clickingPriceFilter" class="TestCases.TestCase1"/>
        <method signature="TestCase2.filterforPriceRangeClick()[pri:3, instance:TestCases.TestCase2@1fcb4808]" name="filterforPriceRangeClick" class="TestCases.TestCase2"/>
        <method signature="TestCase3.EnterNameValue()[pri:3, instance:TestCases.TestCase3@726e5805]" name="EnterNameValue" class="TestCases.TestCase3"/>
        <method signature="TestCase1.sendingPriceRangeFilter()[pri:4, instance:TestCases.TestCase1@56bca85b]" name="sendingPriceRangeFilter" class="TestCases.TestCase1"/>
        <method signature="TestCase2.priceRangeValue()[pri:4, instance:TestCases.TestCase2@1fcb4808]" name="priceRangeValue" class="TestCases.TestCase2"/>
        <method signature="TestCase3.EnterNumberValue()[pri:4, instance:TestCases.TestCase3@726e5805]" name="EnterNumberValue" class="TestCases.TestCase3"/>
        <method signature="TestCase1.clickingApplyBtn()[pri:5, instance:TestCases.TestCase1@56bca85b]" name="clickingApplyBtn" class="TestCases.TestCase1"/>
        <method signature="TestCase2.clickApplyButton()[pri:5, instance:TestCases.TestCase2@1fcb4808]" name="clickApplyButton" class="TestCases.TestCase2"/>
        <method signature="TestCase3.EnterEmailValue()[pri:5, instance:TestCases.TestCase3@726e5805]" name="EnterEmailValue" class="TestCases.TestCase3"/>
        <method signature="TestCase1.sortingDropDownClick()[pri:6, instance:TestCases.TestCase1@56bca85b]" name="sortingDropDownClick" class="TestCases.TestCase1"/>
        <method signature="TestCase2.clickDropDown()[pri:6, instance:TestCases.TestCase2@1fcb4808]" name="clickDropDown" class="TestCases.TestCase2"/>
        <method signature="TestCase3.EnterMessageValue()[pri:6, instance:TestCases.TestCase3@726e5805]" name="EnterMessageValue" class="TestCases.TestCase3"/>
        <method signature="TestCase1.customerRatingClick()[pri:7, instance:TestCases.TestCase1@56bca85b]" name="customerRatingClick" class="TestCases.TestCase1"/>
        <method signature="TestCase2.sortByCustomersValue()[pri:7, instance:TestCases.TestCase2@1fcb4808]" name="sortByCustomersValue" class="TestCases.TestCase2"/>
        <method signature="TestCase3.EnterFromNameValue()[pri:7, instance:TestCases.TestCase3@726e5805]" name="EnterFromNameValue" class="TestCases.TestCase3"/>
        <method signature="TestCase3.EnterFromNumberValue()[pri:8, instance:TestCases.TestCase3@726e5805]" name="EnterFromNumberValue" class="TestCases.TestCase3"/>
        <method signature="TestCase3.EnterFromEmailValue()[pri:9, instance:TestCases.TestCase3@726e5805]" name="EnterFromEmailValue" class="TestCases.TestCase3"/>
        <method signature="TestCase3.addDenominationValue()[pri:10, instance:TestCases.TestCase3@726e5805]" name="addDenominationValue" class="TestCases.TestCase3"/>
      </group> <!-- regression -->
    </groups>
    <test started-at="2024-11-06T12:04:16 IST" name="Test" finished-at="2024-11-06T12:05:40 IST" duration-ms="83569">
      <class name="TestCases.TestCase3">
        <test-method is-config="true" signature="setup()[pri:0, instance:TestCases.TestCase3@726e5805]" started-at="2024-11-06T12:04:17 IST" name="setup" finished-at="2024-11-06T12:04:55 IST" duration-ms="38159" status="PASS">
          <reporter-output>
          </reporter-output>
        </test-method> <!-- setup -->
        <test-method signature="clickGiftCardMenu()[pri:1, instance:TestCases.TestCase3@726e5805]" started-at="2024-11-06T12:04:55 IST" name="clickGiftCardMenu" finished-at="2024-11-06T12:04:58 IST" duration-ms="3321" status="PASS">
          <reporter-output>
          </reporter-output>
        </test-method> <!-- clickGiftCardMenu -->
        <test-method signature="clickHappyBirthdayCard()[pri:2, instance:TestCases.TestCase3@726e5805]" started-at="2024-11-06T12:04:58 IST" name="clickHappyBirthdayCard" finished-at="2024-11-06T12:04:58 IST" duration-ms="285" status="PASS">
          <reporter-output>
          </reporter-output>
        </test-method> <!-- clickHappyBirthdayCard -->
        <test-method signature="EnterNameValue()[pri:3, instance:TestCases.TestCase3@726e5805]" started-at="2024-11-06T12:04:58 IST" name="EnterNameValue" finished-at="2024-11-06T12:04:59 IST" duration-ms="311" status="PASS">
          <reporter-output>
          </reporter-output>
        </test-method> <!-- EnterNameValue -->
        <test-method signature="EnterNumberValue()[pri:4, instance:TestCases.TestCase3@726e5805]" started-at="2024-11-06T12:04:59 IST" name="EnterNumberValue" finished-at="2024-11-06T12:04:59 IST" duration-ms="329" status="PASS">
          <reporter-output>
          </reporter-output>
        </test-method> <!-- EnterNumberValue -->
        <test-method signature="EnterEmailValue()[pri:5, instance:TestCases.TestCase3@726e5805]" started-at="2024-11-06T12:04:59 IST" name="EnterEmailValue" finished-at="2024-11-06T12:04:59 IST" duration-ms="357" status="PASS">
          <reporter-output>
          </reporter-output>
        </test-method> <!-- EnterEmailValue -->
        <test-method signature="EnterMessageValue()[pri:6, instance:TestCases.TestCase3@726e5805]" started-at="2024-11-06T12:04:59 IST" name="EnterMessageValue" finished-at="2024-11-06T12:05:00 IST" duration-ms="135" status="PASS">
          <reporter-output>
          </reporter-output>
        </test-method> <!-- EnterMessageValue -->
        <test-method signature="EnterFromNameValue()[pri:7, instance:TestCases.TestCase3@726e5805]" started-at="2024-11-06T12:05:00 IST" name="EnterFromNameValue" finished-at="2024-11-06T12:05:00 IST" duration-ms="156" status="PASS">
          <reporter-output>
          </reporter-output>
        </test-method> <!-- EnterFromNameValue -->
        <test-method signature="EnterFromNumberValue()[pri:8, instance:TestCases.TestCase3@726e5805]" started-at="2024-11-06T12:05:00 IST" name="EnterFromNumberValue" finished-at="2024-11-06T12:05:00 IST" duration-ms="222" status="PASS">
          <reporter-output>
          </reporter-output>
        </test-method> <!-- EnterFromNumberValue -->
        <test-method signature="EnterFromEmailValue()[pri:9, instance:TestCases.TestCase3@726e5805]" started-at="2024-11-06T12:05:00 IST" name="EnterFromEmailValue" finished-at="2024-11-06T12:05:00 IST" duration-ms="275" status="PASS">
          <reporter-output>
          </reporter-output>
        </test-method> <!-- EnterFromEmailValue -->
        <test-method signature="addDenominationValue()[pri:10, instance:TestCases.TestCase3@726e5805]" started-at="2024-11-06T12:05:00 IST" name="addDenominationValue" finished-at="2024-11-06T12:05:01 IST" duration-ms="366" status="PASS">
          <reporter-output>
          </reporter-output>
        </test-method> <!-- addDenominationValue -->
        <test-method is-config="true" signature="tearDown()[pri:0, instance:TestCases.TestCase3@726e5805]" started-at="2024-11-06T12:05:01 IST" name="tearDown" finished-at="2024-11-06T12:05:02 IST" duration-ms="1694" status="PASS">
          <reporter-output>
          </reporter-output>
        </test-method> <!-- tearDown -->
      </class> <!-- TestCases.TestCase3 -->
      <class name="TestCases.TestCase1">
        <test-method is-config="true" signature="setup(java.lang.String)[pri:0, instance:TestCases.TestCase1@56bca85b]" started-at="2024-11-06T12:04:17 IST" name="setup" finished-at="2024-11-06T12:04:55 IST" duration-ms="38480" status="PASS">
          <params>
            <param index="0">
              <value>
                <![CDATA[chrome]]>
              </value>
            </param>
          </params>
          <reporter-output>
          </reporter-output>
        </test-method> <!-- setup -->
        <test-method signature="sendingSearchData()[pri:1, instance:TestCases.TestCase1@56bca85b]" started-at="2024-11-06T12:04:55 IST" name="sendingSearchData" finished-at="2024-11-06T12:04:56 IST" duration-ms="749" status="PASS">
          <reporter-output>
          </reporter-output>
        </test-method> <!-- sendingSearchData -->
        <test-method signature="clickingMoreFilter()[pri:2, instance:TestCases.TestCase1@56bca85b]" started-at="2024-11-06T12:04:56 IST" name="clickingMoreFilter" finished-at="2024-11-06T12:05:00 IST" duration-ms="4410" status="PASS">
          <reporter-output>
          </reporter-output>
        </test-method> <!-- clickingMoreFilter -->
        <test-method signature="clickingPriceFilter()[pri:3, instance:TestCases.TestCase1@56bca85b]" started-at="2024-11-06T12:05:00 IST" name="clickingPriceFilter" finished-at="2024-11-06T12:05:00 IST" duration-ms="145" status="PASS">
          <reporter-output>
          </reporter-output>
        </test-method> <!-- clickingPriceFilter -->
        <test-method signature="sendingPriceRangeFilter()[pri:4, instance:TestCases.TestCase1@56bca85b]" started-at="2024-11-06T12:05:00 IST" name="sendingPriceRangeFilter" finished-at="2024-11-06T12:05:03 IST" duration-ms="2322" status="PASS">
          <reporter-output>
          </reporter-output>
        </test-method> <!-- sendingPriceRangeFilter -->
        <test-method signature="clickingApplyBtn()[pri:5, instance:TestCases.TestCase1@56bca85b]" started-at="2024-11-06T12:05:03 IST" name="clickingApplyBtn" finished-at="2024-11-06T12:05:03 IST" duration-ms="179" status="PASS">
          <reporter-output>
          </reporter-output>
        </test-method> <!-- clickingApplyBtn -->
        <test-method signature="sortingDropDownClick()[pri:6, instance:TestCases.TestCase1@56bca85b]" started-at="2024-11-06T12:05:03 IST" name="sortingDropDownClick" finished-at="2024-11-06T12:05:04 IST" duration-ms="951" status="PASS">
          <reporter-output>
          </reporter-output>
        </test-method> <!-- sortingDropDownClick -->
        <test-method signature="customerRatingClick()[pri:7, instance:TestCases.TestCase1@56bca85b]" started-at="2024-11-06T12:05:04 IST" name="customerRatingClick" finished-at="2024-11-06T12:05:07 IST" duration-ms="3251" status="PASS">
          <reporter-output>
          </reporter-output>
        </test-method> <!-- customerRatingClick -->
      </class> <!-- TestCases.TestCase1 -->
      <class name="TestCases.TestCase2">
        <test-method is-config="true" signature="setup()[pri:0, instance:TestCases.TestCase2@1fcb4808]" started-at="2024-11-06T12:04:17 IST" name="setup" finished-at="2024-11-06T12:04:56 IST" duration-ms="39578" status="PASS">
          <reporter-output>
          </reporter-output>
        </test-method> <!-- setup -->
        <test-method signature="sendingSearchData()[pri:1, instance:TestCases.TestCase2@1fcb4808]" started-at="2024-11-06T12:04:56 IST" name="sendingSearchData" finished-at="2024-11-06T12:04:59 IST" duration-ms="2691" status="PASS">
          <reporter-output>
          </reporter-output>
        </test-method> <!-- sendingSearchData -->
        <test-method signature="filterForPriceMethod()[pri:2, instance:TestCases.TestCase2@1fcb4808]" started-at="2024-11-06T12:04:59 IST" name="filterForPriceMethod" finished-at="2024-11-06T12:05:32 IST" duration-ms="33419" status="PASS">
          <reporter-output>
          </reporter-output>
        </test-method> <!-- filterForPriceMethod -->
        <test-method signature="filterforPriceRangeClick()[pri:3, instance:TestCases.TestCase2@1fcb4808]" started-at="2024-11-06T12:05:32 IST" name="filterforPriceRangeClick" finished-at="2024-11-06T12:05:32 IST" duration-ms="121" status="PASS">
          <reporter-output>
          </reporter-output>
        </test-method> <!-- filterforPriceRangeClick -->
        <test-method signature="priceRangeValue()[pri:4, instance:TestCases.TestCase2@1fcb4808]" started-at="2024-11-06T12:05:32 IST" name="priceRangeValue" finished-at="2024-11-06T12:05:36 IST" duration-ms="3355" status="PASS">
          <reporter-output>
          </reporter-output>
        </test-method> <!-- priceRangeValue -->
        <test-method signature="clickApplyButton()[pri:5, instance:TestCases.TestCase2@1fcb4808]" started-at="2024-11-06T12:05:36 IST" name="clickApplyButton" finished-at="2024-11-06T12:05:36 IST" duration-ms="203" status="PASS">
          <reporter-output>
          </reporter-output>
        </test-method> <!-- clickApplyButton -->
        <test-method signature="clickDropDown()[pri:6, instance:TestCases.TestCase2@1fcb4808]" started-at="2024-11-06T12:05:36 IST" name="clickDropDown" finished-at="2024-11-06T12:05:37 IST" duration-ms="1197" status="PASS">
          <reporter-output>
          </reporter-output>
        </test-method> <!-- clickDropDown -->
        <test-method signature="sortByCustomersValue()[pri:7, instance:TestCases.TestCase2@1fcb4808]" started-at="2024-11-06T12:05:37 IST" name="sortByCustomersValue" finished-at="2024-11-06T12:05:37 IST" duration-ms="271" status="PASS">
          <reporter-output>
          </reporter-output>
        </test-method> <!-- sortByCustomersValue -->
        <test-method is-config="true" signature="tearDown()[pri:0, instance:TestCases.TestCase2@1fcb4808]" started-at="2024-11-06T12:05:37 IST" name="tearDown" finished-at="2024-11-06T12:05:40 IST" duration-ms="2405" status="PASS">
          <reporter-output>
          </reporter-output>
        </test-method> <!-- tearDown -->
      </class> <!-- TestCases.TestCase2 -->
    </test> <!-- Test -->
  </suite> <!-- Suite -->
</testng-results>
