<?xml version="1.0" encoding="UTF-8"?>
<!-- Generated by org.testng.reporters.JUnitXMLReporter -->
<testsuite ignored="17" hostname="LTIN369057" failures="0" tests="7" name="Test" time="68.065" errors="0" timestamp="2024-10-30T11:31:45 IST">
  <testcase classname="TestCases.TestCase1" name="sendingSearchData" time="0.709"/>
  <testcase classname="TestCases.TestCase1" name="clickingMoreFilter" time="4.947"/>
  <testcase classname="TestCases.TestCase1" name="clickingPriceFilter" time="0.105"/>
  <testcase classname="TestCases.TestCase1" name="sendingPriceRangeFilter" time="2.195"/>
  <testcase classname="TestCases.TestCase1" name="clickingApplyBtn" time="0.147"/>
  <testcase classname="TestCases.TestCase1" name="sortingDropDownClick" time="6.287"/>
  <testcase classname="TestCases.TestCase1" name="customerRatingClick" time="3.121"/>
  <testcase classname="TestCases.TestCase2" name="sendingSearchData" time="0.0">
    <ignored/>
  </testcase> <!-- sendingSearchData -->
  <testcase classname="TestCases.TestCase3" name="clickHappyBirthdayCard" time="0.0">
    <ignored/>
  </testcase> <!-- clickHappyBirthdayCard -->
  <testcase classname="TestCases.TestCase2" name="filterforPriceRangeClick" time="0.0">
    <ignored/>
  </testcase> <!-- filterforPriceRangeClick -->
  <testcase classname="TestCases.TestCase3" name="EnterFromEmailValue" time="0.0">
    <ignored/>
  </testcase> <!-- EnterFromEmailValue -->
  <testcase classname="TestCases.TestCase2" name="priceRangeValue" time="0.0">
    <ignored/>
  </testcase> <!-- priceRangeValue -->
  <testcase classname="TestCases.TestCase2" name="filterForPriceMethod" time="0.0">
    <ignored/>
  </testcase> <!-- filterForPriceMethod -->
  <testcase classname="TestCases.TestCase2" name="clickDropDown" time="0.0">
    <ignored/>
  </testcase> <!-- clickDropDown -->
  <testcase classname="TestCases.TestCase3" name="EnterFromNumberValue" time="0.0">
    <ignored/>
  </testcase> <!-- EnterFromNumberValue -->
  <testcase classname="TestCases.TestCase2" name="sortByCustomersValue" time="0.0">
    <ignored/>
  </testcase> <!-- sortByCustomersValue -->
  <testcase classname="TestCases.TestCase3" name="EnterMessageValue" time="0.0">
    <ignored/>
  </testcase> <!-- EnterMessageValue -->
  <testcase classname="TestCases.TestCase3" name="clickGiftCardMenu" time="0.0">
    <ignored/>
  </testcase> <!-- clickGiftCardMenu -->
  <testcase classname="TestCases.TestCase3" name="EnterFromNameValue" time="0.0">
    <ignored/>
  </testcase> <!-- EnterFromNameValue -->
  <testcase classname="TestCases.TestCase3" name="addDenominationValue" time="0.0">
    <ignored/>
  </testcase> <!-- addDenominationValue -->
  <testcase classname="TestCases.TestCase3" name="EnterNameValue" time="0.0">
    <ignored/>
  </testcase> <!-- EnterNameValue -->
  <testcase classname="TestCases.TestCase3" name="EnterEmailValue" time="0.0">
    <ignored/>
  </testcase> <!-- EnterEmailValue -->
  <testcase classname="TestCases.TestCase2" name="clickApplyButton" time="0.0">
    <ignored/>
  </testcase> <!-- clickApplyButton -->
  <testcase classname="TestCases.TestCase3" name="EnterNumberValue" time="0.0">
    <ignored/>
  </testcase> <!-- EnterNumberValue -->
</testsuite> <!-- Test -->
